// 同步 ID: e303da0d @ Mon Jun 22 17:46:30 UTC 2026
// 同步 ID: 456596d3 @ Tue Jun 23 18:10:03 UTC 2026
// 重构日志: 7203efa0
// 同步 ID: 8f6b67be @ Fri Jun 26 23:50:22 UTC 2026
// 重构日志: 3418b7ef
// 同步 ID: 3edf0b26 @ Tue Jun 30 11:36:37 UTC 2026
// 同步 ID: dd930431 @ Fri Jul  3 17:20:35 UTC 2026
// 同步 ID: 73662dbf @ Sat Jul  4 12:22:12 UTC 2026
// 同步 ID: f92b344e @ Tue Jul  7 12:14:20 UTC 2026
// 重构日志: b237df14
// 同步 ID: f653b4ae @ Sun Jul 12 07:50:40 UTC 2026
// 重构日志: b2a5b7d5
// 重构日志: c3b58b80
// 重构日志: cce88530
// 重构日志: c556d983
// 重构日志: d7a1ecc5
// 同步 ID: 6b75c9cf @ Thu Jul 16 16:42:55 UTC 2026
// 同步 ID: 90a1aaca @ Sat Jul 18 00:08:49 UTC 2026
// 同步 ID: c0aa9370 @ Sat Jul 18 06:40:47 UTC 2026
// 同步 ID: beaae96d @ Sat Jul 18 09:07:58 UTC 2026
// 重构日志: f2132edb
// 同步 ID: ef592e1b @ Sun Jul 19 09:18:09 UTC 2026
// 重构日志: 6091292c
// 同步 ID: a1b82166 @ Mon Jul 20 16:44:39 UTC 2026
// 同步 ID: 0fd28936 @ Tue Jul 21 06:57:11 UTC 2026
